============================= test session starts =============================
platform win32 -- Python 3.14.3, pytest-9.0.2, pluggy-1.6.0
benchmark: 5.2.3 (defaults: timer=time.perf_counter disable_gc=False min_rounds=5 min_time=0.000005 max_time=1.0 calibration_precision=10 warmup=False warmup_iterations=100000)
rootdir: C:\Users\diete\Repositories\AffineDrift
configfile: pyproject.toml
testpaths: tests
plugins: hypothesis-6.151.9, benchmark-5.2.3, cov-7.1.0, mock-3.15.1, timeout-2.4.0, xdist-3.8.0
collected 1762 items

tests\helpers\test_numerical.py ........................................ [  2%]
......                                                                   [  2%]
tests\test_affine_control\test_ddp.py ...                                [  2%]
tests\test_affine_control\test_property_based.py ...............         [  3%]
tests\test_affine_control\test_residuals.py F.F.F....                    [  4%]
tests\test_affine_control\test_swing_optimizer.py ...................... [  5%]
................F........                                                [  6%]
tests\test_analysis_utils.py ..                                          [  6%]
tests\test_assess_repo.py .....................                          [  8%]
tests\test_assessment_utils.py .................................         [  9%]
tests\test_async_utils.py ..                                             [ 10%]
tests\test_books_navigation.py ....                                      [ 10%]
tests\test_budget_check_utils.py ...............                         [ 11%]
tests\test_check_changed_file_size_budget.py .....                       [ 11%]
tests\test_check_contract_coverage.py ..                                 [ 11%]
tests\test_check_css_architecture.py ..                                  [ 11%]
tests\test_check_dependency_boundaries.py ..                             [ 11%]
tests\test_check_dry_adoption.py .                                       [ 11%]
tests\test_check_js_dependency_boundaries.py ..                          [ 11%]
tests\test_check_links.py ...................                            [ 13%]
tests\test_check_links_additional.py ..........                          [ 13%]
tests\test_check_module_size_budget.py ..                                [ 13%]
tests\test_check_site_health.py ..................                       [ 14%]
tests\test_cli_boundary_validation.py ......                             [ 15%]
tests\test_code_quality_module.py ......................                 [ 16%]
tests\test_constants.py ........                                         [ 16%]
tests\test_converters.py .........................                       [ 18%]
tests\test_dbc_application_contracts.py ................................ [ 20%]
..................                                                       [ 21%]
tests\test_deployment_integrity.py F....                                 [ 21%]
tests\test_docstring_coverage.py ...                                     [ 21%]
tests\test_file_and_content_utils.py ..........................          [ 22%]
tests\test_file_utils.py .......................                         [ 24%]
tests\test_fix_html_validation.py ........                               [ 24%]
tests\test_fix_html_validation_cli.py ..                                 [ 24%]
tests\test_frontmatter_utils.py .........                                [ 25%]
tests\test_generate_sitemap.py ...........................               [ 26%]
tests\test_geometry_of_motion_style_unification.py ..                    [ 27%]
tests\test_geometry_reference_integrity.py ...                           [ 27%]
tests\test_golf_simulation\test_ball_flight.py .............             [ 27%]
tests\test_golf_simulation\test_clubs.py .........                       [ 28%]
tests\test_golf_simulation\test_course.py .......                        [ 28%]
tests\test_golf_simulation\test_putting.py ...........                   [ 29%]
tests\test_golf_simulation\test_round_simulator.py ......                [ 29%]
tests\test_golf_simulation\test_terrain.py ........                      [ 30%]
tests\test_html_utils.py .......................                         [ 31%]
tests\test_issue_utils.py ....                                           [ 31%]
tests\test_latex_to_html.py .......................                      [ 33%]
tests\test_latex_to_qmd.py ........................                      [ 34%]
tests\test_latex_to_quarto.py .....                                      [ 34%]
tests\test_latex_utils.py .......................................        [ 36%]
tests\test_link_utils.py ......................................          [ 39%]
tests\test_logging_utils.py ...........                                  [ 39%]
tests\test_matlab_quality_check_refactor.py ............                 [ 40%]
tests\test_notebooks_bridge.py ......                                    [ 40%]
tests\test_pragmatic_programmer_review.py ..                             [ 40%]
tests\test_profiling_utils.py .                                          [ 40%]
tests\test_properties.py ...............................                 [ 42%]
tests\test_protocols.py .....................                            [ 43%]
tests\test_publish_manual_article.py ..                                  [ 43%]
tests\test_refactored_helpers.py ................................        [ 45%]
tests\test_reference_audit.py ...                                        [ 45%]
tests\test_report_utils.py ...                                           [ 46%]
tests\test_repository_inventory_refresh.py ..                            [ 46%]
tests\test_rl_funnel_benchmark.py ..F...FFF.                             [ 46%]
tests\test_seo_audit.py ...............                                  [ 47%]
tests\test_series_architecture_tracking.py ..                            [ 47%]
tests\test_shell_utils.py ......                                         [ 48%]
tests\test_streamlit_app.py .F                                           [ 48%]
tests\test_tangent_examples.py ............                              [ 48%]
tests\test_tangent_integration.py ...FF...........                       [ 49%]
tests\test_textbook_quality.py .....                                     [ 50%]
tests\test_trajectory_cost_benchmark.py ...                              [ 50%]
tests\test_update_navigation.py ......                                   [ 50%]
tests\test_validate_accessibility.py ...............                     [ 51%]
tests\test_validation_utils.py ..                                        [ 51%]
tests\test_verify_images.py ....                                         [ 51%]
tests\test_volume1_appendix_expansion.py ..                              [ 51%]
tests\test_volume1_consolidation.py ....                                 [ 52%]
tests\test_wave6_refactored_helpers.py ................                  [ 53%]
tests\test_wrap_sidebars.py ..                                           [ 53%]
tests\test_wrist_simulator.py ..................................         [ 55%]
tests\test_wrist_universal_joint.py .......................              [ 56%]
tests\tools\test_analysis_utils.py ...............................       [ 58%]
tests\tools\test_budget_check_utils.py ......................            [ 59%]
tests\tools\test_check_links.py ....................                     [ 60%]
tests\tools\test_check_site_health.py ................................   [ 62%]
tests\tools\test_clean_latex_comments.py ..                              [ 62%]
tests\tools\test_code_quality.py ...................                     [ 63%]
tests\tools\test_code_quality_extras.py ......FF..............           [ 64%]
tests\tools\test_conversion_utils.py ...........                         [ 65%]
tests\tools\test_convert_all.py .......                                  [ 65%]
tests\tools\test_convert_all_to_quarto.py ........                       [ 66%]
tests\tools\test_coverage_gaps.py .................                      [ 67%]
tests\tools\test_file_utils_extended.py ..................               [ 68%]
tests\tools\test_fix_html_validation.py .............................    [ 69%]
tests\tools\test_fix_quarto_syntax.py .............                      [ 70%]
tests\tools\test_fix_quarto_syntax_ext.py ....                           [ 70%]
tests\tools\test_gh1660_refactored_helpers.py .......................... [ 72%]
..                                                                       [ 72%]
tests\tools\test_html_utils_extended.py .....................            [ 73%]
tests\tools\test_latex_to_html.py ...................                    [ 74%]
tests\tools\test_latex_to_qmd_extended.py ..........................     [ 76%]
tests\tools\test_latex_to_quarto.py .................                    [ 77%]
tests\tools\test_latex_to_quarto_main.py .............                   [ 77%]
tests\tools\test_latex_utils.py ........................................ [ 80%]
......                                                                   [ 80%]
tests\tools\test_matlab_quality_check.py ..............                  [ 81%]
tests\tools\test_misc_utils.py .........................s                [ 82%]
tests\tools\test_notebooks_bridge.py ......                              [ 83%]
tests\tools\test_publish_manual_article.py ................              [ 84%]
tests\tools\test_publish_manual_article_ext.py ..                        [ 84%]
tests\tools\test_reference_audit.py ....                                 [ 84%]
tests\tools\test_rl_funnel_benchmark.py ................................ [ 86%]
...........................                                              [ 87%]
tests\tools\test_rl_funnel_benchmark_ext.py ........                     [ 88%]
tests\tools\test_torque_calculator.py ............................       [ 89%]
tests\tools\test_trajectory_cost_benchmark.py ....                       [ 90%]
tests\tools\test_update_navigation.py .................                  [ 90%]
tests\tools\test_utils_extended.py ...........................           [ 92%]
tests\tools\test_verify_images.py ..............                         [ 93%]
tests\tools\test_verify_images_ext.py ......                             [ 93%]
tests\tools\test_wrap_sidebars.py ......                                 [ 93%]
tests\tools\test_wrist_universal_joint_visual.py ....................... [ 95%]
......                                                                   [ 95%]
tests\tools\utils\test_cli_contracts.py .........                        [ 96%]
tests\tools\utils\test_report_utils.py ...                               [ 96%]
tests\unit\test_check_bibliography_quality.py .......................... [ 97%]
.                                                                        [ 97%]
tests\unit\test_contracts.py ......................................      [100%]

================================== FAILURES ===================================
__________________ TestResiduals.test_all_modes_in_invariant __________________
tests\test_affine_control\test_residuals.py:153: in test_all_modes_in_invariant
    self.assertEqual(valid_modes, {"LQR", "MPC_WARN", "MPC_FULL"})
E   AssertionError: Items in the second set but not the first:
E   'MPC_FULL'
____________________ TestResiduals.test_monitor_switching _____________________
tests\test_affine_control\test_residuals.py:74: in test_monitor_switching
    self.assertEqual(monitor.mode, "MPC_FULL")
E   AssertionError: 'MPC_WARN' != 'MPC_FULL'
E   - MPC_WARN
E   + MPC_FULL
__________________ TestResiduals.test_mpc_warn_to_lqr_direct __________________
tests\test_affine_control\test_residuals.py:137: in test_mpc_warn_to_lqr_direct
    self.assertEqual(monitor.mode, "LQR")
E   AssertionError: 'MPC_WARN' != 'LQR'
E   - MPC_WARN
E   + LQR
_ TestSwingOptimizerOptimize.test_optimize_rejects_mock_solver_without_opt_in _
tests\test_affine_control\test_swing_optimizer.py:486: in test_optimize_rejects_mock_solver_without_opt_in
    with self.assertRaises(ContractViolationError):
         ^^^^^^^^^^^^^^^^^^^^^^^^^^^^^^^^^^^^^^^^^
E   AssertionError: ContractViolationError not raised
_______________________ test_deploy_workflow_integrity ________________________
tests\test_deployment_integrity.py:35: in test_deploy_workflow_integrity
    assert (
E   AssertionError: Deploy workflow should sync mirrored assets before render
E   assert 'Sync frontend assets' in 'name: Deploy Website\n\non:\n  push:\n    branches:\n      - main\n  workflow_dispatch:\n\nconcurrency:\n  group: ${{...in 10s..."\n            sleep 10\n          done\n          echo "Deployment verification failed."\n          exit 1\n'
___________ test_generate_reference_trajectory_rejects_invalid_span ___________
tests\test_rl_funnel_benchmark.py:35: in test_generate_reference_trajectory_rejects_invalid_span
    generate_reference_trajectory((1.0, 0.0))
src\tools\rl_funnel_benchmark.py:108: in generate_reference_trajectory
    require(
src\core\contracts\definitions.py:136: in require
    _handle_violation("pre-condition", message, value)
src\core\contracts\definitions.py:123: in _handle_violation
    raise ContractViolationError(condition_type, message, value)
E   src.core.contracts.definitions.ContractViolationError: [DbC pre-condition] t_span must be (t0, tf) with tf > t0 (got: (1.0, 0.0))

During handling of the above exception, another exception occurred:
tests\test_rl_funnel_benchmark.py:34: in test_generate_reference_trajectory_rejects_invalid_span
    with pytest.raises(ContractViolationError, match="end must exceed start"):
         ^^^^^^^^^^^^^^^^^^^^^^^^^^^^^^^^^^^^^^^^^^^^^^^^^^^^^^^^^^^^^^^^^^^^
E   AssertionError: Regex pattern did not match.
E     Expected regex: 'end must exceed start'
E     Actual message: '[DbC pre-condition] t_span must be (t0, tf) with tf > t0 (got: (1.0, 0.0))'
______________ test_run_comparison_rejects_negative_perturbation ______________
tests\test_rl_funnel_benchmark.py:66: in test_run_comparison_rejects_negative_perturbation
    run_comparison(perturbation_scale=-0.1)
src\tools\rl_funnel_benchmark.py:460: in run_comparison
    x0_perturbed, t_ref, x_ref, x_target = _setup_comparison(perturbation_scale, t_span, dt, seed)
                                           ^^^^^^^^^^^^^^^^^^^^^^^^^^^^^^^^^^^^^^^^^^^^^^^^^^^^^^^
src\tools\rl_funnel_benchmark.py:437: in _setup_comparison
    check_positive(perturbation_scale, "perturbation_scale")
src\core\contracts\validators.py:34: in check_positive
    require(value > 0, f"{name} must be positive", value)
src\core\contracts\definitions.py:136: in require
    _handle_violation("pre-condition", message, value)
src\core\contracts\definitions.py:123: in _handle_violation
    raise ContractViolationError(condition_type, message, value)
E   src.core.contracts.definitions.ContractViolationError: [DbC pre-condition] perturbation_scale must be positive (got: -0.1)

During handling of the above exception, another exception occurred:
tests\test_rl_funnel_benchmark.py:65: in test_run_comparison_rejects_negative_perturbation
    with pytest.raises(ContractViolationError, match="non-negative"):
         ^^^^^^^^^^^^^^^^^^^^^^^^^^^^^^^^^^^^^^^^^^^^^^^^^^^^^^^^^^^
E   AssertionError: Regex pattern did not match.
E     Expected regex: 'non-negative'
E     Actual message: '[DbC pre-condition] perturbation_scale must be positive (got: -0.1)'
___________ test_run_benchmark_respects_configurable_control_limit ____________
tests\test_rl_funnel_benchmark.py:76: in test_run_benchmark_respects_configurable_control_limit
    result = run_benchmark(
E   TypeError: run_benchmark() got an unexpected keyword argument 'control_limit'. Did you mean 'control_limits'?
__________________ test_format_results_returns_summary_text ___________________
tests\test_rl_funnel_benchmark.py:103: in test_format_results_returns_summary_text
    assert "Controller" in summary
E   AssertionError: assert 'Controller' in 'Setpoint LQR: error=4.0000\nTrajectory Tracking (TTCF): error=2.0000'
________________________ test_main_runs_entry_sequence ________________________
tests\test_streamlit_app.py:18: in test_main_runs_entry_sequence
    patch.object(streamlit_app, "configure_page") as configure_page,
    ^^^^^^^^^^^^^^^^^^^^^^^^^^^^^^^^^^^^^^^^^^^^^
C:\Python314\Lib\unittest\mock.py:1503: in __enter__
    original, local = self.get_original()
                      ^^^^^^^^^^^^^^^^^^^
C:\Python314\Lib\unittest\mock.py:1473: in get_original
    raise AttributeError(
E   AttributeError: <module 'src.tools.wrist_universal_joint.streamlit_app' from 'C:\\Users\\diete\\Repositories\\AffineDrift\\src\\tools\\wrist_universal_joint\\streamlit_app.py'> does not have the attribute 'configure_page'
___ TestResidualMonitorPipeline.test_monitor_transitions_on_large_residuals ___
tests\test_tangent_integration.py:121: in test_monitor_transitions_on_large_residuals
    assert mode == "MPC_FULL"
E   AssertionError: assert 'MPC_WARN' == 'MPC_FULL'
E     
E     - MPC_FULL
E     + MPC_WARN
_ TestResidualMonitorPipeline.test_monitor_returns_to_lqr_on_small_residuals __
tests\test_tangent_integration.py:139: in test_monitor_returns_to_lqr_on_small_residuals
    assert monitor.mode == "MPC_FULL"
E   AssertionError: assert 'MPC_WARN' == 'MPC_FULL'
E     
E     - MPC_FULL
E     + MPC_WARN
__________________ TestCheckBannedPatterns.test_detects_todo __________________
tests\tools\test_code_quality_extras.py:61: in test_detects_todo
    assert any("TRACKED_TASK" in msg for _, msg, _ in result)
E   assert False
E    +  where False = any(<generator object TestCheckBannedPatterns.test_detects_todo.<locals>.<genexpr> at 0x00000213B6BAAEA0>)
_________________ TestCheckBannedPatterns.test_detects_fixme __________________
tests\tools\test_code_quality_extras.py:68: in test_detects_fixme
    assert any("TRACKED_DEFECT" in msg for _, msg, _ in result)
E   assert False
E    +  where False = any(<generator object TestCheckBannedPatterns.test_detects_fixme.<locals>.<genexpr> at 0x00000213B6BAB3E0>)
============================== warnings summary ===============================
tests/test_affine_control/test_swing_optimizer.py::TestSwingOptimizerOptimize::test_optimize_1dof_runs_without_error
tests/test_affine_control/test_swing_optimizer.py::TestSwingOptimizerOptimize::test_optimize_2dof_runs_without_error
tests/test_affine_control/test_swing_optimizer.py::TestSwingOptimizerOptimize::test_optimize_3dof_runs_without_error
tests/test_affine_control/test_swing_optimizer.py::TestSwingOptimizerOptimize::test_optimize_cost_is_finite
tests/test_affine_control/test_swing_optimizer.py::TestSwingOptimizerOptimize::test_optimize_rejects_mock_solver_without_opt_in
tests/test_affine_control/test_swing_optimizer.py::TestSwingOptimizerOptimize::test_optimize_result_trajectory_length
  C:\Users\diete\Repositories\AffineDrift\src\affine_control\swing_optimizer.py:282: UserWarning: adaptive_timestep_ddp_mock is a non-functional mock implementation. The backward pass and Riccati equation solving are not implemented. Trajectories produced are mathematically incorrect. Do not use in production optimisation pipelines. See: docs/assessments/issues/ISSUE_Completist_Critical_DDPMock_2026-01-30.md
    x_traj, u_traj, _t_traj = adaptive_timestep_ddp_mock(

tests/test_dbc_application_contracts.py::TestDDPContracts::test_ddp_rejects_empty_control
  C:\Users\diete\Repositories\AffineDrift\tests\test_dbc_application_contracts.py:145: UserWarning: adaptive_timestep_ddp_mock is a non-functional mock implementation. The backward pass and Riccati equation solving are not implemented. Trajectories produced are mathematically incorrect. Do not use in production optimisation pipelines. See: docs/assessments/issues/ISSUE_Completist_Critical_DDPMock_2026-01-30.md
    adaptive_timestep_ddp_mock(

tests/test_dbc_application_contracts.py::TestDDPContracts::test_ddp_rejects_mismatched_x0_xf
  C:\Users\diete\Repositories\AffineDrift\tests\test_dbc_application_contracts.py:154: UserWarning: adaptive_timestep_ddp_mock is a non-functional mock implementation. The backward pass and Riccati equation solving are not implemented. Trajectories produced are mathematically incorrect. Do not use in production optimisation pipelines. See: docs/assessments/issues/ISSUE_Completist_Critical_DDPMock_2026-01-30.md
    adaptive_timestep_ddp_mock(

tests/test_dbc_application_contracts.py::TestDDPContracts::test_ddp_rejects_negative_eps_residual
  C:\Users\diete\Repositories\AffineDrift\tests\test_dbc_application_contracts.py:163: UserWarning: adaptive_timestep_ddp_mock is a non-functional mock implementation. The backward pass and Riccati equation solving are not implemented. Trajectories produced are mathematically incorrect. Do not use in production optimisation pipelines. See: docs/assessments/issues/ISSUE_Completist_Critical_DDPMock_2026-01-30.md
    adaptive_timestep_ddp_mock(

tests/tools/test_wrist_universal_joint_visual.py::TestPlotsModule::test_plot_torque_all_flags_false
  C:\Users\diete\Repositories\AffineDrift\src\tools\wrist_universal_joint\plots.py:130: UserWarning: No artists with labels found to put in legend.  Note that artists whose label start with an underscore are ignored when legend() is called with no argument.
    ax.legend(loc="best", fontsize=9)

tests/tools/test_wrist_universal_joint_visual.py::TestPlotsModule::test_plot_acceleration_all_flags_false
  C:\Users\diete\Repositories\AffineDrift\src\tools\wrist_universal_joint\plots.py:205: UserWarning: No artists with labels found to put in legend.  Note that artists whose label start with an underscore are ignored when legend() is called with no argument.
    ax.legend(loc="best", fontsize=9)

-- Docs: https://docs.pytest.org/en/stable/how-to/capture-warnings.html
=========================== short test summary info ===========================
FAILED tests/test_affine_control/test_residuals.py::TestResiduals::test_all_modes_in_invariant
FAILED tests/test_affine_control/test_residuals.py::TestResiduals::test_monitor_switching
FAILED tests/test_affine_control/test_residuals.py::TestResiduals::test_mpc_warn_to_lqr_direct
FAILED tests/test_affine_control/test_swing_optimizer.py::TestSwingOptimizerOptimize::test_optimize_rejects_mock_solver_without_opt_in
FAILED tests/test_deployment_integrity.py::test_deploy_workflow_integrity - A...
FAILED tests/test_rl_funnel_benchmark.py::test_generate_reference_trajectory_rejects_invalid_span
FAILED tests/test_rl_funnel_benchmark.py::test_run_comparison_rejects_negative_perturbation
FAILED tests/test_rl_funnel_benchmark.py::test_run_benchmark_respects_configurable_control_limit
FAILED tests/test_rl_funnel_benchmark.py::test_format_results_returns_summary_text
FAILED tests/test_streamlit_app.py::test_main_runs_entry_sequence - Attribute...
FAILED tests/test_tangent_integration.py::TestResidualMonitorPipeline::test_monitor_transitions_on_large_residuals
FAILED tests/test_tangent_integration.py::TestResidualMonitorPipeline::test_monitor_returns_to_lqr_on_small_residuals
FAILED tests/tools/test_code_quality_extras.py::TestCheckBannedPatterns::test_detects_todo
FAILED tests/tools/test_code_quality_extras.py::TestCheckBannedPatterns::test_detects_fixme
===== 14 failed, 1747 passed, 1 skipped, 11 warnings in 104.11s (0:01:44) =====
